<?xml version="1.0" encoding="UTF-8"?>
<testng-results ignored="0" total="4" passed="3" failed="1" skipped="0">
  <reporter-output>
  </reporter-output>
  <suite started-at="2021-05-18T10:14:35Z" name="Default suite" finished-at="2021-05-18T10:15:37Z" duration-ms="61660">
    <groups>
    </groups>
    <test started-at="2021-05-18T10:14:35Z" name="Default test" finished-at="2021-05-18T10:15:37Z" duration-ms="61660">
      <class name="com.qa.MyPerfectBuy.ProductPage">
        <test-method is-config="true" signature="setup()[pri:0, instance:com.qa.MyPerfectBuy.ProductPage@7c51f34b]" started-at="2021-05-18T10:14:35Z" name="setup" finished-at="2021-05-18T10:14:46Z" duration-ms="10654" status="PASS">
          <reporter-output>
          </reporter-output>
        </test-method> <!-- setup -->
        <test-method signature="CheckProductPageAddtoCartBtnTest()[pri:1, instance:com.qa.MyPerfectBuy.ProductPage@7c51f34b]" started-at="2021-05-18T10:14:46Z" name="CheckProductPageAddtoCartBtnTest" finished-at="2021-05-18T10:14:54Z" duration-ms="7972" status="PASS">
          <reporter-output>
          </reporter-output>
        </test-method> <!-- CheckProductPageAddtoCartBtnTest -->
        <test-method is-config="true" signature="tearDown()[pri:0, instance:com.qa.MyPerfectBuy.ProductPage@7c51f34b]" started-at="2021-05-18T10:14:54Z" name="tearDown" finished-at="2021-05-18T10:14:54Z" duration-ms="89" status="PASS">
          <reporter-output>
          </reporter-output>
        </test-method> <!-- tearDown -->
        <test-method is-config="true" signature="setup()[pri:0, instance:com.qa.MyPerfectBuy.ProductPage@7c51f34b]" started-at="2021-05-18T10:14:54Z" name="setup" finished-at="2021-05-18T10:15:04Z" duration-ms="9687" status="PASS">
          <reporter-output>
          </reporter-output>
        </test-method> <!-- setup -->
        <test-method signature="CheckProductPageQtyDropDownTest()[pri:2, instance:com.qa.MyPerfectBuy.ProductPage@7c51f34b]" started-at="2021-05-18T10:15:04Z" name="CheckProductPageQtyDropDownTest" finished-at="2021-05-18T10:15:11Z" duration-ms="7032" status="PASS">
          <reporter-output>
          </reporter-output>
        </test-method> <!-- CheckProductPageQtyDropDownTest -->
        <test-method is-config="true" signature="tearDown()[pri:0, instance:com.qa.MyPerfectBuy.ProductPage@7c51f34b]" started-at="2021-05-18T10:15:11Z" name="tearDown" finished-at="2021-05-18T10:15:11Z" duration-ms="191" status="PASS">
          <reporter-output>
          </reporter-output>
        </test-method> <!-- tearDown -->
        <test-method is-config="true" signature="setup()[pri:0, instance:com.qa.MyPerfectBuy.ProductPage@7c51f34b]" started-at="2021-05-18T10:15:11Z" name="setup" finished-at="2021-05-18T10:15:20Z" duration-ms="8768" status="PASS">
          <reporter-output>
          </reporter-output>
        </test-method> <!-- setup -->
        <test-method signature="CheckProductPageMainImgTest()[pri:3, instance:com.qa.MyPerfectBuy.ProductPage@7c51f34b]" started-at="2021-05-18T10:15:20Z" name="CheckProductPageMainImgTest" finished-at="2021-05-18T10:15:24Z" duration-ms="3736" status="FAIL">
          <exception class="java.lang.AssertionError">
            <message>
              <![CDATA[expected [true] but found [false]]]>
            </message>
            <full-stacktrace>
              <![CDATA[java.lang.AssertionError: expected [true] but found [false]
at org.testng.Assert.fail(Assert.java:96)
at org.testng.Assert.failNotEquals(Assert.java:776)
at org.testng.Assert.assertTrue(Assert.java:44)
at org.testng.Assert.assertTrue(Assert.java:54)
at com.qa.MyPerfectBuy.ProductPage.CheckProductPageMainImgTest(ProductPage.java:43)
at java.base/jdk.internal.reflect.NativeMethodAccessorImpl.invoke0(Native Method)
at java.base/jdk.internal.reflect.NativeMethodAccessorImpl.invoke(NativeMethodAccessorImpl.java:64)
at java.base/jdk.internal.reflect.DelegatingMethodAccessorImpl.invoke(DelegatingMethodAccessorImpl.java:43)
at java.base/java.lang.reflect.Method.invoke(Method.java:564)
at org.testng.internal.MethodInvocationHelper.invokeMethod(MethodInvocationHelper.java:124)
at org.testng.internal.Invoker.invokeMethod(Invoker.java:583)
at org.testng.internal.Invoker.invokeTestMethod(Invoker.java:719)
at org.testng.internal.Invoker.invokeTestMethods(Invoker.java:989)
at org.testng.internal.TestMethodWorker.invokeTestMethods(TestMethodWorker.java:125)
at org.testng.internal.TestMethodWorker.run(TestMethodWorker.java:109)
at org.testng.TestRunner.privateRun(TestRunner.java:648)
at org.testng.TestRunner.run(TestRunner.java:505)
at org.testng.SuiteRunner.runTest(SuiteRunner.java:455)
at org.testng.SuiteRunner.runSequentially(SuiteRunner.java:450)
at org.testng.SuiteRunner.privateRun(SuiteRunner.java:415)
at org.testng.SuiteRunner.run(SuiteRunner.java:364)
at org.testng.SuiteRunnerWorker.runSuite(SuiteRunnerWorker.java:52)
at org.testng.SuiteRunnerWorker.run(SuiteRunnerWorker.java:84)
at org.testng.TestNG.runSuitesSequentially(TestNG.java:1208)
at org.testng.TestNG.runSuitesLocally(TestNG.java:1137)
at org.testng.TestNG.runSuites(TestNG.java:1049)
at org.testng.TestNG.run(TestNG.java:1017)
at org.testng.remote.AbstractRemoteTestNG.run(AbstractRemoteTestNG.java:115)
at org.testng.remote.RemoteTestNG.initAndRun(RemoteTestNG.java:251)
at org.testng.remote.RemoteTestNG.main(RemoteTestNG.java:77)
]]>
            </full-stacktrace>
          </exception> <!-- java.lang.AssertionError -->
          <reporter-output>
          </reporter-output>
        </test-method> <!-- CheckProductPageMainImgTest -->
        <test-method is-config="true" signature="tearDown()[pri:0, instance:com.qa.MyPerfectBuy.ProductPage@7c51f34b]" started-at="2021-05-18T10:15:24Z" name="tearDown" finished-at="2021-05-18T10:15:24Z" duration-ms="95" status="PASS">
          <reporter-output>
          </reporter-output>
        </test-method> <!-- tearDown -->
        <test-method is-config="true" signature="setup()[pri:0, instance:com.qa.MyPerfectBuy.ProductPage@7c51f34b]" started-at="2021-05-18T10:15:24Z" name="setup" finished-at="2021-05-18T10:15:32Z" duration-ms="7830" status="PASS">
          <reporter-output>
          </reporter-output>
        </test-method> <!-- setup -->
        <test-method signature="CheckProdctPageRecommendation()[pri:4, instance:com.qa.MyPerfectBuy.ProductPage@7c51f34b]" started-at="2021-05-18T10:15:32Z" name="CheckProdctPageRecommendation" finished-at="2021-05-18T10:15:37Z" duration-ms="5430" status="PASS">
          <reporter-output>
          </reporter-output>
        </test-method> <!-- CheckProdctPageRecommendation -->
        <test-method is-config="true" signature="tearDown()[pri:0, instance:com.qa.MyPerfectBuy.ProductPage@7c51f34b]" started-at="2021-05-18T10:15:37Z" name="tearDown" finished-at="2021-05-18T10:15:37Z" duration-ms="96" status="PASS">
          <reporter-output>
          </reporter-output>
        </test-method> <!-- tearDown -->
      </class> <!-- com.qa.MyPerfectBuy.ProductPage -->
    </test> <!-- Default test -->
  </suite> <!-- Default suite -->
</testng-results>
